INFO 2021-10-27 17:57:15,306 autoreload 578 Watching for file changes with StatReloader
INFO 2021-10-27 17:57:15,323 urls 25 ²âÊÔloggingÄ£¿éinfo
ERROR 2021-10-27 17:57:15,325 urls 26 ²âÊÔloggingÄ£¿éerror
INFO 2021-10-27 17:58:53,548 autoreload 578 Watching for file changes with StatReloader
WARNING 2021-10-27 17:58:53,567 urls 24  redis»º´æ²»×ã
INFO 2021-10-27 17:58:53,567 urls 26 ²âÊÔloggingÄ£¿éinfo
ERROR 2021-10-27 17:58:53,567 urls 27 ²âÊÔloggingÄ£¿éerror
INFO 2021-10-27 17:59:21,625 autoreload 578 Watching for file changes with StatReloader
WARNING 2021-10-27 17:59:21,640 urls 24  redis»º´æ²»×ã
INFO 2021-10-27 17:59:21,640 urls 26 ²âÊÔloggingÄ£¿éinfo
ERROR 2021-10-27 17:59:21,641 urls 27 ²âÊÔloggingÄ£¿éerror
INFO 2021-10-27 18:04:02,424 autoreload 578 Watching for file changes with StatReloader
WARNING 2021-10-27 18:04:02,437 urls 24  redis»º´æ²»×ã
INFO 2021-10-27 18:04:02,437 urls 26 ²âÊÔloggingÄ£¿éinfo
ERROR 2021-10-27 18:04:02,438 urls 27 ²âÊÔloggingÄ£¿éerror
INFO 2021-10-27 18:04:20,965 basehttp 154 "GET / HTTP/1.1" 200 16348
INFO 2021-10-27 18:04:21,071 basehttp 154 "GET /static/admin/css/fonts.css HTTP/1.1" 200 423
INFO 2021-10-27 18:04:21,235 basehttp 154 "GET /static/admin/fonts/Roboto-Bold-webfont.woff HTTP/1.1" 200 86184
INFO 2021-10-27 18:04:21,240 basehttp 154 "GET /static/admin/fonts/Roboto-Regular-webfont.woff HTTP/1.1" 200 85876
INFO 2021-10-27 18:04:21,242 basehttp 154 "GET /static/admin/fonts/Roboto-Light-webfont.woff HTTP/1.1" 200 85692
WARNING 2021-10-27 18:04:22,073 log 228 Not Found: /favicon.ico
WARNING 2021-10-27 18:04:22,075 basehttp 154 "GET /favicon.ico HTTP/1.1" 404 1983
INFO 2021-10-27 18:07:33,159 autoreload 578 Watching for file changes with StatReloader
WARNING 2021-10-27 18:07:33,176 urls 24  redis»º´æ²»×ã
INFO 2021-10-27 18:07:33,176 urls 26 ²âÊÔloggingÄ£¿éinfo
ERROR 2021-10-27 18:07:33,177 urls 27 ²âÊÔloggingÄ£¿éerror
INFO 2021-10-27 18:08:41,286 autoreload 578 Watching for file changes with StatReloader
WARNING 2021-10-27 18:08:41,299 urls 24  redis»º´æ²»×ã
INFO 2021-10-27 18:08:41,300 urls 26 ²âÊÔloggingÄ£¿éinfo
ERROR 2021-10-27 18:08:41,300 urls 27 ²âÊÔloggingÄ£¿éerror
INFO 2021-10-27 18:08:54,866 basehttp 154 "GET / HTTP/1.1" 200 16348
INFO 2021-10-27 19:11:13,901 autoreload 578 Watching for file changes with StatReloader
WARNING 2021-10-27 19:11:13,912 urls 24  redis»º´æ²»×ã
INFO 2021-10-27 19:11:13,913 urls 26 ²âÊÔloggingÄ£¿éinfo
ERROR 2021-10-27 19:11:13,913 urls 27 ²âÊÔloggingÄ£¿éerror
INFO 2021-10-27 19:11:17,939 basehttp 154 "GET / HTTP/1.1" 200 16348
INFO 2021-10-27 19:11:17,998 basehttp 154 "GET /static/admin/css/fonts.css HTTP/1.1" 304 0
INFO 2021-10-27 19:11:18,246 basehttp 154 "GET /static/admin/fonts/Roboto-Regular-webfont.woff HTTP/1.1" 304 0
INFO 2021-10-27 19:11:18,246 basehttp 154 "GET /static/admin/fonts/Roboto-Bold-webfont.woff HTTP/1.1" 304 0
INFO 2021-10-27 19:11:18,249 basehttp 154 "GET /static/admin/fonts/Roboto-Light-webfont.woff HTTP/1.1" 304 0
WARNING 2021-10-27 19:11:19,148 log 228 Not Found: /favicon.ico
WARNING 2021-10-27 19:11:19,148 basehttp 154 "GET /favicon.ico HTTP/1.1" 404 1977
INFO 2021-10-27 19:11:27,987 basehttp 154 "GET / HTTP/1.1" 200 16348
INFO 2021-10-27 19:11:28,046 basehttp 154 "GET /static/admin/css/fonts.css HTTP/1.1" 304 0
INFO 2021-10-27 19:11:28,210 basehttp 154 "GET /static/admin/fonts/Roboto-Bold-webfont.woff HTTP/1.1" 304 0
INFO 2021-10-27 19:11:28,212 basehttp 154 "GET /static/admin/fonts/Roboto-Regular-webfont.woff HTTP/1.1" 304 0
INFO 2021-10-27 19:11:28,212 basehttp 154 "GET /static/admin/fonts/Roboto-Light-webfont.woff HTTP/1.1" 304 0
WARNING 2021-10-27 19:11:28,975 log 228 Not Found: /favicon.ico
WARNING 2021-10-27 19:11:28,976 basehttp 154 "GET /favicon.ico HTTP/1.1" 404 1983
INFO 2021-10-27 19:11:39,621 basehttp 154 "GET / HTTP/1.1" 200 16348
